Arguments: 
  /usr/bin/node /usr/share/yarn/bin/yarn.js add jquery-maskedinput

PATH: 
  /home/carlos/.pyenv/plugins/pyenv-virtualenv/shims:/home/carlos/.pyenv/shims:~/.pyenv/bin:/home/carlos/.cache/cloud-code/installer/google-cloud-sdk/bin:/home/carlos/.rvm/gems/ruby-3.2.2/bin:/home/carlos/.rvm/gems/ruby-3.2.2@global/bin:/home/carlos/.rvm/rubies/ruby-3.2.2/bin:/usr/local/sbin:/usr/local/bin:/usr/sbin:/usr/bin:/sbin:/bin:/usr/games:/usr/local/games:/snap/bin:/home/carlos/.rvm/bin:/opt/mssql-tools18/bin:/opt/mssql-tools18/bin:/opt/mssql-tools/bin:/opt/mssql-tools/bin:/opt/mssql-tools/bin:/home/carlos/.local/bin:/home/carlos/.rvm/bin

Yarn version: 
  1.22.19

Node version: 
  10.19.0

Platform: 
  linux x64

Trace: 
  Error: https://registry.yarnpkg.com/jquery-maskedinput: Not found
      at Request.params.callback [as _callback] (/usr/share/yarn/lib/cli.js:66145:18)
      at Request.self.callback (/usr/share/yarn/lib/cli.js:140890:22)
      at Request.emit (events.js:198:13)
      at Request.<anonymous> (/usr/share/yarn/lib/cli.js:141862:10)
      at Request.emit (events.js:198:13)
      at IncomingMessage.<anonymous> (/usr/share/yarn/lib/cli.js:141784:12)
      at Object.onceWrapper (events.js:286:20)
      at IncomingMessage.emit (events.js:203:15)
      at endReadableNT (_stream_readable.js:1145:12)
      at process._tickCallback (internal/process/next_tick.js:63:19)

npm manifest: 
  {
    "dependencies": {
      "inputmask": "^5.0.8",
      "jquery": "3"
    }
  }

yarn manifest: 
  No manifest

Lockfile: 
  # THIS IS AN AUTOGENERATED FILE. DO NOT EDIT THIS FILE DIRECTLY.
  # yarn lockfile v1
  
  
  inputmask@^5.0.8:
    version "5.0.8"
    resolved "https://registry.yarnpkg.com/inputmask/-/inputmask-5.0.8.tgz#cd0f70b058c3291a0d4f27de25dbfc179c998bb4"
    integrity sha512-1WcbyudPTXP1B28ozWWyFa6QRIUG4KiLoyR6LFHlpT4OfTzRqFfWgHFadNvRuMN1S9XNVz9CdNvCGjJi+uAMqQ==
  
  jquery@3:
    version "3.7.1"
    resolved "https://registry.yarnpkg.com/jquery/-/jquery-3.7.1.tgz#083ef98927c9a6a74d05a6af02806566d16274de"
    integrity sha512-m4avr8yL8kmFN8psrbFFFmB/If14iN5o9nw/NgnnM+kybDJpRsAynV2BsfpTYrTRysYUdADVD7CkUUizgkpLfg==
